INFO:sim:172 - Generating IP...
Resolving generics for 'image_rom'...
Applying external generics to 'image_rom'...
Delivering associated files for 'image_rom'...
Delivering EJava files for 'image_rom'...
Generating implementation netlist for 'image_rom'...
INFO:sim - Pre-processing HDL files for 'image_rom'...
Running synthesis for 'image_rom'
Running ngcbuild...
Writing VHO instantiation template for 'image_rom'...
Writing VHDL behavioral simulation model for 'image_rom'...
Delivered 2 files into directory
/home/ise/projects/ondokuz_mayis/ipcore_dir/tmp/_cg/image_rom
Generating ASY schematic symbol...
INFO:sim:949 - Finished generation of ASY schematic symbol.
Generating SYM schematic symbol for 'image_rom'...
Generating metadata file...
Generating ISE project...
XCO file found: image_rom.xco
XMDF file found: image_rom_xmdf.tcl
Adding
/home/ise/projects/ondokuz_mayis/ipcore_dir/tmp/_cg/blk_mem_gen_readme.txt -view
all -origin_type imported
Adding /home/ise/projects/ondokuz_mayis/ipcore_dir/tmp/_cg/image_rom.asy -view
all -origin_type imported
Adding /home/ise/projects/ondokuz_mayis/ipcore_dir/tmp/_cg/image_rom.ngc -view
all -origin_type created
Checking file
"/home/ise/projects/ondokuz_mayis/ipcore_dir/tmp/_cg/image_rom.ngc" for project
device match ...
File "/home/ise/projects/ondokuz_mayis/ipcore_dir/tmp/_cg/image_rom.ngc" device
information matches project device.
Adding /home/ise/projects/ondokuz_mayis/ipcore_dir/tmp/_cg/image_rom.sym -view
all -origin_type imported
Adding /home/ise/projects/ondokuz_mayis/ipcore_dir/tmp/_cg/image_rom.vhd -view
all -origin_type created
INFO:HDLCompiler:1061 - Parsing VHDL file
   "/home/ise/projects/ondokuz_mayis/ipcore_dir/tmp/_cg/image_rom.vhd" into
   library work
INFO:ProjectMgmt - Parsing design hierarchy completed successfully.
Adding /home/ise/projects/ondokuz_mayis/ipcore_dir/tmp/_cg/image_rom.vho -view
all -origin_type imported
INFO:TclTasksC:2116 - The automatic calculation of top has been turned-off.
   Please set the new top explicitly by running the "project set top" command.
   To re-calculate the new top automatically, set the "Auto Implementation Top"
   property to true.
Top level has been set to "/image_rom"
Generating README file...
Generating FLIST file...
INFO:sim:948 - Finished FLIST file generation.
Launching README viewer...
Moving files to output directory...
Finished moving files to output directory
Wrote CGP file for project 'image_rom'.
